<?xml version="1.0" encoding="UTF-8"?>
<coverage generated="1731817885406" clover="3.2.0">
  <project timestamp="1731817885406" name="All files">
    <metrics statements="45" coveredstatements="41" conditionals="18" coveredconditionals="13" methods="6" coveredmethods="6" elements="69" coveredelements="60" complexity="0" loc="45" ncloc="45" packages="1" files="1" classes="1"/>
    <file name="generator.js" path="/Users/sugar/Desktop/udinghuo/30/idinghuo/packages/cli/src/utils/generator.js">
      <metrics statements="45" coveredstatements="41" conditionals="18" coveredconditionals="13" methods="6" coveredmethods="6"/>
      <line num="3" count="1" type="stmt"/>
      <line num="4" count="1" type="stmt"/>
      <line num="5" count="1" type="stmt"/>
      <line num="8" count="23" type="cond" truecount="2" falsecount="0"/>
      <line num="9" count="22" type="cond" truecount="2" falsecount="0"/>
      <line num="10" count="4" type="cond" truecount="2" falsecount="0"/>
      <line num="11" count="3" type="stmt"/>
      <line num="12" count="3" type="stmt"/>
      <line num="14" count="18" type="cond" truecount="2" falsecount="0"/>
      <line num="15" count="3" type="stmt"/>
      <line num="17" count="15" type="stmt"/>
      <line num="21" count="5" type="cond" truecount="2" falsecount="0"/>
      <line num="22" count="1" type="stmt"/>
      <line num="25" count="4" type="cond" truecount="1" falsecount="1"/>
      <line num="26" count="0" type="cond" truecount="0" falsecount="2"/>
      <line num="27" count="0" type="stmt"/>
      <line num="28" count="0" type="stmt"/>
      <line num="31" count="4" type="stmt"/>
      <line num="32" count="10" type="cond" truecount="1" falsecount="1"/>
      <line num="33" count="10" type="stmt"/>
      <line num="34" count="10" type="cond" truecount="1" falsecount="1"/>
      <line num="35" count="10" type="stmt"/>
      <line num="38" count="4" type="stmt"/>
      <line num="44" count="2" type="stmt"/>
      <line num="45" count="2" type="stmt"/>
      <line num="46" count="2" type="stmt"/>
      <line num="48" count="0" type="stmt"/>
      <line num="58" count="1" type="stmt"/>
      <line num="62" count="2" type="stmt"/>
      <line num="64" count="2" type="stmt"/>
      <line num="66" count="2" type="stmt"/>
      <line num="68" count="2" type="stmt"/>
      <line num="69" count="2" type="stmt"/>
      <line num="70" count="2" type="stmt"/>
      <line num="72" count="2" type="stmt"/>
      <line num="73" count="2" type="stmt"/>
      <line num="74" count="1" type="stmt"/>
      <line num="76" count="1" type="stmt"/>
      <line num="77" count="1" type="stmt"/>
      <line num="78" count="1" type="stmt"/>
      <line num="80" count="1" type="stmt"/>
      <line num="81" count="1" type="stmt"/>
      <line num="83" count="1" type="stmt"/>
      <line num="87" count="2" type="stmt"/>
      <line num="90" count="1" type="stmt"/>
    </file>
  </project>
</coverage>
