{"/Users/sugar/Desktop/udinghuo/30/idinghuo/packages/cli/src/utils/generator.js": {"path":"/Users/sugar/Desktop/udinghuo/30/idinghuo/packages/cli/src/utils/generator.js","statementMap":{"0":{"start":{"line":3,"column":14},"end":{"line":3,"column":30}},"1":{"start":{"line":4,"column":11},"end":{"line":4,"column":33}},"2":{"start":{"line":5,"column":13},"end":{"line":5,"column":28}},"3":{"start":{"line":8,"column":2},"end":{"line":8,"column":36}},"4":{"start":{"line":8,"column":22},"end":{"line":8,"column":36}},"5":{"start":{"line":9,"column":2},"end":{"line":13,"column":3}},"6":{"start":{"line":10,"column":4},"end":{"line":10,"column":43}},"7":{"start":{"line":10,"column":28},"end":{"line":10,"column":43}},"8":{"start":{"line":11,"column":21},"end":{"line":11,"column":47}},"9":{"start":{"line":12,"column":4},"end":{"line":12,"column":27}},"10":{"start":{"line":14,"column":2},"end":{"line":16,"column":3}},"11":{"start":{"line":15,"column":4},"end":{"line":15,"column":33}},"12":{"start":{"line":17,"column":2},"end":{"line":17,"column":22}},"13":{"start":{"line":21,"column":2},"end":{"line":23,"column":3}},"14":{"start":{"line":22,"column":4},"end":{"line":22,"column":50}},"15":{"start":{"line":25,"column":2},"end":{"line":29,"column":3}},"16":{"start":{"line":26,"column":4},"end":{"line":26,"column":74}},"17":{"start":{"line":26,"column":27},"end":{"line":26,"column":74}},"18":{"start":{"line":27,"column":17},"end":{"line":27,"column":24}},"19":{"start":{"line":28,"column":4},"end":{"line":28,"column":50}},"20":{"start":{"line":31,"column":21},"end":{"line":36,"column":4}},"21":{"start":{"line":32,"column":25},"end":{"line":32,"column":82}},"22":{"start":{"line":33,"column":17},"end":{"line":33,"column":40}},"23":{"start":{"line":34,"column":21},"end":{"line":34,"column":46}},"24":{"start":{"line":35,"column":4},"end":{"line":35,"column":52}},"25":{"start":{"line":38,"column":2},"end":{"line":40,"column":3}},"26":{"start":{"line":44,"column":2},"end":{"line":54,"column":3}},"27":{"start":{"line":45,"column":26},"end":{"line":45,"column":72}},"28":{"start":{"line":46,"column":4},"end":{"line":46,"column":37}},"29":{"start":{"line":48,"column":4},"end":{"line":53,"column":6}},"30":{"start":{"line":58,"column":2},"end":{"line":58,"column":74}},"31":{"start":{"line":62,"column":38},"end":{"line":62,"column":44}},"32":{"start":{"line":64,"column":2},"end":{"line":64,"column":49}},"33":{"start":{"line":66,"column":27},"end":{"line":66,"column":29}},"34":{"start":{"line":68,"column":2},"end":{"line":85,"column":3}},"35":{"start":{"line":69,"column":30},"end":{"line":69,"column":38}},"36":{"start":{"line":70,"column":4},"end":{"line":70,"column":57}},"37":{"start":{"line":72,"column":4},"end":{"line":84,"column":5}},"38":{"start":{"line":73,"column":23},"end":{"line":73,"column":43}},"39":{"start":{"line":74,"column":19},"end":{"line":74,"column":32}},"40":{"start":{"line":76,"column":26},"end":{"line":76,"column":59}},"41":{"start":{"line":77,"column":23},"end":{"line":77,"column":39}},"42":{"start":{"line":78,"column":23},"end":{"line":78,"column":53}},"43":{"start":{"line":80,"column":6},"end":{"line":80,"column":48}},"44":{"start":{"line":81,"column":6},"end":{"line":81,"column":76}},"45":{"start":{"line":83,"column":6},"end":{"line":83,"column":63}},"46":{"start":{"line":87,"column":2},"end":{"line":87,"column":84}},"47":{"start":{"line":90,"column":0},"end":{"line":96,"column":2}}},"fnMap":{"0":{"name":"getTypeFromValue","decl":{"start":{"line":7,"column":9},"end":{"line":7,"column":25}},"loc":{"start":{"line":7,"column":33},"end":{"line":18,"column":1}},"line":7},"1":{"name":"generateInterface","decl":{"start":{"line":20,"column":9},"end":{"line":20,"column":26}},"loc":{"start":{"line":20,"column":48},"end":{"line":41,"column":1}},"line":20},"2":{"name":"(anonymous_2)","decl":{"start":{"line":31,"column":46},"end":{"line":31,"column":47}},"loc":{"start":{"line":31,"column":64},"end":{"line":36,"column":3}},"line":31},"3":{"name":"loadConfig","decl":{"start":{"line":43,"column":15},"end":{"line":43,"column":25}},"loc":{"start":{"line":43,"column":28},"end":{"line":55,"column":1}},"line":43},"4":{"name":"saveConfig","decl":{"start":{"line":57,"column":15},"end":{"line":57,"column":25}},"loc":{"start":{"line":57,"column":34},"end":{"line":59,"column":1}},"line":57},"5":{"name":"generateTypes","decl":{"start":{"line":61,"column":15},"end":{"line":61,"column":28}},"loc":{"start":{"line":61,"column":37},"end":{"line":88,"column":1}},"line":61}},"branchMap":{"0":{"loc":{"start":{"line":8,"column":2},"end":{"line":8,"column":36}},"type":"if","locations":[{"start":{"line":8,"column":2},"end":{"line":8,"column":36}},{"start":{},"end":{}}],"line":8},"1":{"loc":{"start":{"line":9,"column":2},"end":{"line":13,"column":3}},"type":"if","locations":[{"start":{"line":9,"column":2},"end":{"line":13,"column":3}},{"start":{},"end":{}}],"line":9},"2":{"loc":{"start":{"line":10,"column":4},"end":{"line":10,"column":43}},"type":"if","locations":[{"start":{"line":10,"column":4},"end":{"line":10,"column":43}},{"start":{},"end":{}}],"line":10},"3":{"loc":{"start":{"line":14,"column":2},"end":{"line":16,"column":3}},"type":"if","locations":[{"start":{"line":14,"column":2},"end":{"line":16,"column":3}},{"start":{},"end":{}}],"line":14},"4":{"loc":{"start":{"line":21,"column":2},"end":{"line":23,"column":3}},"type":"if","locations":[{"start":{"line":21,"column":2},"end":{"line":23,"column":3}},{"start":{},"end":{}}],"line":21},"5":{"loc":{"start":{"line":25,"column":2},"end":{"line":29,"column":3}},"type":"if","locations":[{"start":{"line":25,"column":2},"end":{"line":29,"column":3}},{"start":{},"end":{}}],"line":25},"6":{"loc":{"start":{"line":26,"column":4},"end":{"line":26,"column":74}},"type":"if","locations":[{"start":{"line":26,"column":4},"end":{"line":26,"column":74}},{"start":{},"end":{}}],"line":26},"7":{"loc":{"start":{"line":32,"column":25},"end":{"line":32,"column":82}},"type":"cond-expr","locations":[{"start":{"line":32,"column":66},"end":{"line":32,"column":69}},{"start":{"line":32,"column":72},"end":{"line":32,"column":82}}],"line":32},"8":{"loc":{"start":{"line":34,"column":21},"end":{"line":34,"column":46}},"type":"cond-expr","locations":[{"start":{"line":34,"column":38},"end":{"line":34,"column":41}},{"start":{"line":34,"column":44},"end":{"line":34,"column":46}}],"line":34}},"s":{"0":1,"1":1,"2":1,"3":23,"4":1,"5":22,"6":4,"7":1,"8":3,"9":3,"10":18,"11":3,"12":15,"13":5,"14":1,"15":4,"16":0,"17":0,"18":0,"19":0,"20":4,"21":10,"22":10,"23":10,"24":10,"25":4,"26":2,"27":2,"28":2,"29":0,"30":1,"31":2,"32":2,"33":2,"34":2,"35":2,"36":2,"37":2,"38":2,"39":1,"40":1,"41":1,"42":1,"43":1,"44":1,"45":1,"46":2,"47":1},"f":{"0":23,"1":5,"2":10,"3":2,"4":1,"5":2},"b":{"0":[1,22],"1":[4,18],"2":[1,3],"3":[3,15],"4":[1,4],"5":[0,4],"6":[0,0],"7":[10,0],"8":[0,10]},"_coverageSchema":"1a1c01bbd47fc00a2c39e90264f33305004495a9","hash":"0372be7fa1e27b4746403da00e9a9c8355142d41"}
}
