TN:
SF:src/utils/generator.js
FN:7,getTypeFromValue
FN:20,generateInterface
FN:31,(anonymous_2)
FN:43,loadConfig
FN:57,saveConfig
FN:61,generateTypes
FNF:6
FNH:6
FNDA:23,getTypeFromValue
FNDA:5,generateInterface
FNDA:10,(anonymous_2)
FNDA:2,loadConfig
FNDA:1,saveConfig
FNDA:2,generateTypes
DA:3,1
DA:4,1
DA:5,1
DA:8,23
DA:9,22
DA:10,4
DA:11,3
DA:12,3
DA:14,18
DA:15,3
DA:17,15
DA:21,5
DA:22,1
DA:25,4
DA:26,0
DA:27,0
DA:28,0
DA:31,4
DA:32,10
DA:33,10
DA:34,10
DA:35,10
DA:38,4
DA:44,2
DA:45,2
DA:46,2
DA:48,0
DA:58,1
DA:62,2
DA:64,2
DA:66,2
DA:68,2
DA:69,2
DA:70,2
DA:72,2
DA:73,2
DA:74,1
DA:76,1
DA:77,1
DA:78,1
DA:80,1
DA:81,1
DA:83,1
DA:87,2
DA:90,1
LF:45
LH:41
BRDA:8,0,0,1
BRDA:8,0,1,22
BRDA:9,1,0,4
BRDA:9,1,1,18
BRDA:10,2,0,1
BRDA:10,2,1,3
BRDA:14,3,0,3
BRDA:14,3,1,15
BRDA:21,4,0,1
BRDA:21,4,1,4
BRDA:25,5,0,0
BRDA:25,5,1,4
BRDA:26,6,0,0
BRDA:26,6,1,0
BRDA:32,7,0,10
BRDA:32,7,1,0
BRDA:34,8,0,0
BRDA:34,8,1,10
BRF:18
BRH:13
end_of_record
